"QUERY PLAN"
"Nested Loop  (cost=0.00..2.16 rows=1 width=516) (actual time=0.026..0.028 rows=1 loops=1)"
"  ->  Seq Scan on warehouse w  (cost=0.00..1.09 rows=1 width=520) (actual time=0.013..0.014 rows=1 loops=1)"
"        Filter: (warehouseid = 175)"
"        Rows Removed by Filter: 5"
"  ->  Seq Scan on distributionlog d  (cost=0.00..1.06 rows=1 width=4) (actual time=0.011..0.012 rows=1 loops=1)"
"        Filter: (warehouseid = 175)"
"        Rows Removed by Filter: 14"
"Planning Time: 0.161 ms"
"Execution Time: 0.041 ms"
