"QUERY PLAN"
"Nested Loop  (cost=0.00..2.16 rows=1 width=516) (actual time=0.027..0.031 rows=13 loops=1)"
"  ->  Seq Scan on warehouse w  (cost=0.00..1.09 rows=1 width=520) (actual time=0.016..0.017 rows=1 loops=1)"
"        Filter: (warehouseid = 174)"
"        Rows Removed by Filter: 5"
"  ->  Seq Scan on distributionlog d  (cost=0.00..1.06 rows=1 width=4) (actual time=0.009..0.011 rows=13 loops=1)"
"        Filter: (warehouseid = 174)"
"        Rows Removed by Filter: 2"
"Planning Time: 0.142 ms"
"Execution Time: 0.044 ms"
